<?xml version="1.0" encoding="UTF-8"?>
<!-- Generated by org.testng.reporters.JUnitReportReporter -->
<testsuite hostname="NTB-257" failures="0" tests="6" name="Academy.Cucumber.TestNGTestRunner" time="56.585" errors="0" timestamp="2023-01-18T15:31:20 CET" skipped="0">
  <testcase classname="Academy.Cucumber.TestNGTestRunner" name="runScenario" time="10.605"/>
  <system-out/>
  <testcase classname="Academy.Cucumber.TestNGTestRunner" name="runScenario" time="10.680"/>
  <system-out/>
  <testcase classname="Academy.Cucumber.TestNGTestRunner" name="runScenario" time="8.253"/>
  <system-out/>
  <testcase classname="Academy.Cucumber.TestNGTestRunner" name="runScenario" time="7.981"/>
  <system-out/>
  <testcase classname="Academy.Cucumber.TestNGTestRunner" name="runScenario" time="8.307"/>
  <system-out/>
  <testcase classname="Academy.Cucumber.TestNGTestRunner" name="runScenario" time="10.759"/>
  <system-out/>
</testsuite> <!-- Academy.Cucumber.TestNGTestRunner -->
