<?xml version="1.0" encoding="UTF-8"?>
<!-- Generated by org.testng.reporters.JUnitReportReporter -->
<testsuite hostname="NTB-257" failures="0" tests="1" name="Academy.Toma16012023.ErrorValidation" time="11.375" errors="0" timestamp="2023-01-17T16:06:02 CET" skipped="0">
  <testcase classname="Academy.Toma16012023.ErrorValidation" name="WrongCredentials" time="11.375"/>
  <system-out/>
</testsuite> <!-- Academy.Toma16012023.ErrorValidation -->
