<?xml version="1.0" encoding="UTF-8"?>
<!-- Generated by org.testng.reporters.JUnitReportReporter -->
<testsuite hostname="NTB-257" failures="0" tests="1" name="Academy.Toma16012023.PublishArticleAndLogoutTest1" time="10.572" errors="0" timestamp="2023-01-16T15:40:10 CET" skipped="0">
  <testcase classname="Academy.Toma16012023.PublishArticleAndLogoutTest1" name="E2E" time="10.572"/>
  <system-out/>
</testsuite> <!-- Academy.Toma16012023.PublishArticleAndLogoutTest1 -->
