<?xml version="1.0" encoding="UTF-8"?>
<!-- Generated by org.testng.reporters.JUnitReportReporter -->
<testsuite hostname="NTB-257" failures="0" tests="2" name="Academy.Toma16012023.E2E05" time="18.382" errors="0" timestamp="2023-01-17T15:24:18 CET" skipped="0">
  <testcase classname="Academy.Toma16012023.E2E05" name="E2E" time="11.274"/>
  <system-out/>
  <testcase classname="Academy.Toma16012023.E2E05" name="E2E" time="7.108"/>
  <system-out/>
</testsuite> <!-- Academy.Toma16012023.E2E05 -->
