<?xml version="1.0" encoding="UTF-8"?>
<!-- Generated by org.testng.reporters.JUnitReportReporter -->
<testsuite hostname="NTB-257" failures="0" tests="1" name="Academy.Toma16012023.PublishArticleTest1" time="9.531" errors="0" timestamp="2023-01-16T15:19:14 CET" skipped="0">
  <testcase classname="Academy.Toma16012023.PublishArticleTest1" name="CreateAndPublishArticle" time="9.531"/>
  <system-out/>
</testsuite> <!-- Academy.Toma16012023.PublishArticleTest1 -->
