<?xml version="1.0" encoding="UTF-8"?>
<!-- Generated by org.testng.reporters.JUnitReportReporter -->
<testsuite hostname="NTB-257" failures="0" tests="1" name="Academy.Toma16012023.LoginTest02" time="11.695" errors="0" timestamp="2023-01-16T16:59:53 CET" skipped="0">
  <testcase classname="Academy.Toma16012023.LoginTest02" name="loginWithValidUser" time="11.695"/>
  <system-out/>
</testsuite> <!-- Academy.Toma16012023.LoginTest02 -->
