<?xml version="1.0" encoding="UTF-8"?>
<!-- Generated by org.testng.reporters.JUnitReportReporter -->
<testsuite hostname="NTB-257" failures="0" tests="4" name="Academy.Cucumber.TestNGTestRunner" time="18.443" errors="0" timestamp="2023-01-18T15:21:00 CET" skipped="0">
  <testcase classname="Academy.Cucumber.TestNGTestRunner" name="runScenario" time="6.500"/>
  <system-out/>
  <testcase classname="Academy.Cucumber.TestNGTestRunner" name="runScenario" time="3.870"/>
  <system-out/>
  <testcase classname="Academy.Cucumber.TestNGTestRunner" name="runScenario" time="3.836"/>
  <system-out/>
  <testcase classname="Academy.Cucumber.TestNGTestRunner" name="runScenario" time="4.237"/>
  <system-out/>
</testsuite> <!-- Academy.Cucumber.TestNGTestRunner -->
