<?xml version="1.0" encoding="UTF-8"?>
<!-- Generated by org.testng.reporters.JUnitReportReporter -->
<testsuite hostname="NTB-257" failures="0" tests="2" name="Academy.Toma16012023.E2E01" time="15.793" errors="0" timestamp="2023-01-16T17:36:01 CET" skipped="0">
  <testcase classname="Academy.Toma16012023.E2E01" name="E2E" time="10.085"/>
  <system-out/>
  <testcase classname="Academy.Toma16012023.E2E01" name="verifyArticlePublished" time="5.708"/>
  <system-out/>
</testsuite> <!-- Academy.Toma16012023.E2E01 -->
