<?xml version="1.0" encoding="UTF-8"?>
<!-- Generated by org.testng.reporters.JUnitReportReporter -->
<testsuite hostname="NTB-257" failures="0" tests="2" name="Academy.Toma16012023.E2E04" time="17.530" errors="0" timestamp="2023-01-17T14:41:09 CET" skipped="0">
  <testcase classname="Academy.Toma16012023.E2E04" name="E2E" time="7.139"/>
  <system-out/>
  <testcase classname="Academy.Toma16012023.E2E04" name="E2E" time="10.391"/>
  <system-out/>
</testsuite> <!-- Academy.Toma16012023.E2E04 -->
