<?xml version="1.0" encoding="UTF-8"?>
<!-- Generated by org.testng.reporters.JUnitReportReporter -->
<testsuite hostname="NTB-257" failures="0" tests="2" name="Academy.Toma16012023.E2E02" time="18.903" errors="0" timestamp="2023-01-17T14:16:26 CET" skipped="0">
  <testcase classname="Academy.Toma16012023.E2E02" name="E2E" time="7.838"/>
  <system-out/>
  <testcase classname="Academy.Toma16012023.E2E02" name="verifyArticlePublished" time="11.065"/>
  <system-out/>
</testsuite> <!-- Academy.Toma16012023.E2E02 -->
